0 info it worked if it ends with ok
1 verbose cli [ '/usr/local/bin/node', '/usr/local/bin/npm', 'run', 'start' ]
2 info using npm@3.10.8
3 info using node@v6.9.1
4 verbose run-script [ 'prestart', 'start', 'poststart' ]
5 info lifecycle The-Tenth@1.0.0~prestart: The-Tenth@1.0.0
6 silly lifecycle The-Tenth@1.0.0~prestart: no script for prestart, continuing
7 info lifecycle The-Tenth@1.0.0~start: The-Tenth@1.0.0
8 verbose lifecycle The-Tenth@1.0.0~start: unsafe-perm in lifecycle true
9 verbose lifecycle The-Tenth@1.0.0~start: PATH: /usr/local/lib/node_modules/npm/bin/node-gyp-bin:/Users/jkrautwu/PersonalProjects/The-Tenth/node_modules/.bin:/Users/jkrautwu/.yarn/bin:/usr/local/bin:/usr/bin/subl:/usr/local/bin:/usr/bin:/bin:/usr/sbin:/sbin
10 verbose lifecycle The-Tenth@1.0.0~start: CWD: /Users/jkrautwu/PersonalProjects/The-Tenth
11 silly lifecycle The-Tenth@1.0.0~start: Args: [ '-c',
11 silly lifecycle   'webpack --progress && webpack-dev-server -d --hot --config webpack.config.js --watch' ]
12 silly lifecycle The-Tenth@1.0.0~start: Returned: code: 2  signal: null
13 info lifecycle The-Tenth@1.0.0~start: Failed to exec start script
14 verbose stack Error: The-Tenth@1.0.0 start: `webpack --progress && webpack-dev-server -d --hot --config webpack.config.js --watch`
14 verbose stack Exit status 2
14 verbose stack     at EventEmitter.<anonymous> (/usr/local/lib/node_modules/npm/lib/utils/lifecycle.js:255:16)
14 verbose stack     at emitTwo (events.js:106:13)
14 verbose stack     at EventEmitter.emit (events.js:191:7)
14 verbose stack     at ChildProcess.<anonymous> (/usr/local/lib/node_modules/npm/lib/utils/spawn.js:40:14)
14 verbose stack     at emitTwo (events.js:106:13)
14 verbose stack     at ChildProcess.emit (events.js:191:7)
14 verbose stack     at maybeClose (internal/child_process.js:877:16)
14 verbose stack     at Process.ChildProcess._handle.onexit (internal/child_process.js:226:5)
15 verbose pkgid The-Tenth@1.0.0
16 verbose cwd /Users/jkrautwu/PersonalProjects/The-Tenth
17 error Darwin 15.6.0
18 error argv "/usr/local/bin/node" "/usr/local/bin/npm" "run" "start"
19 error node v6.9.1
20 error npm  v3.10.8
21 error code ELIFECYCLE
22 error The-Tenth@1.0.0 start: `webpack --progress && webpack-dev-server -d --hot --config webpack.config.js --watch`
22 error Exit status 2
23 error Failed at the The-Tenth@1.0.0 start script 'webpack --progress && webpack-dev-server -d --hot --config webpack.config.js --watch'.
23 error Make sure you have the latest version of node.js and npm installed.
23 error If you do, this is most likely a problem with the The-Tenth package,
23 error not with npm itself.
23 error Tell the author that this fails on your system:
23 error     webpack --progress && webpack-dev-server -d --hot --config webpack.config.js --watch
23 error You can get information on how to open an issue for this project with:
23 error     npm bugs The-Tenth
23 error Or if that isn't available, you can get their info via:
23 error     npm owner ls The-Tenth
23 error There is likely additional logging output above.
24 verbose exit [ 1, true ]
